<?xml version="1.0" encoding="UTF-8"?>
<!-- Generated by org.testng.reporters.JUnitReportReporter -->
<testsuite hostname="NNILAP" name="com.cast.tools.util.TestTomcatInstallationsListLoader" tests="1" failures="0" timestamp="14 Jun 2018 07:17:54 GMT" time="0.105" errors="0">
  <testcase name="testFetchTomcatInstallationsList" time="0.105" classname="com.cast.tools.util.TestTomcatInstallationsListLoader"/>
</testsuite> <!-- com.cast.tools.util.TestTomcatInstallationsListLoader -->
