<?xml version="1.0" encoding="UTF-8"?>
<!-- Generated by org.testng.reporters.JUnitReportReporter -->
<testsuite hostname="NNILAP" name="com.cast.tools.util.TestTomcatInstallationsListLoader" tests="1" failures="0" timestamp="7 Jun 2018 12:35:11 GMT" time="126.884" errors="0">
  <testcase name="testFetchTomcatInstallationsList" time="126.884" classname="com.cast.tools.util.TestTomcatInstallationsListLoader"/>
</testsuite> <!-- com.cast.tools.util.TestTomcatInstallationsListLoader -->
